#
# There is insufficient memory for the Java Runtime Environment to continue.
# Native memory allocation (malloc) failed to allocate 1642576 bytes for Chunk::new
# Possible reasons:
#   The system is out of physical RAM or swap space
#   The process is running with CompressedOops enabled, and the Java Heap may be blocking the growth of the native heap
# Possible solutions:
#   Reduce memory load on the system
#   Increase physical memory or swap space
#   Check if swap backing store is full
#   Decrease Java heap size (-Xmx/-Xms)
#   Decrease number of Java threads
#   Decrease Java thread stack sizes (-Xss)
#   Set larger code cache with -XX:ReservedCodeCacheSize=
#   JVM is running with Unscaled Compressed Oops mode in which the Java heap is
#     placed in the first 4GB address space. The Java Heap base address is the
#     maximum limit for the native heap growth. Please use -XX:HeapBaseMinAddress
#     to set the Java Heap base and to place the Java Heap above 4GB virtual address.
# This output file may be truncated or incomplete.
#
#  Out of Memory Error (arena.cpp:191), pid=129508, tid=128292
#
# JRE version: OpenJDK Runtime Environment JBR-17.0.10+8-1207.12-jcef (17.0.10+8) (build 17.0.10+8-b1207.12)
# Java VM: OpenJDK 64-Bit Server VM JBR-17.0.10+8-1207.12-jcef (17.0.10+8-b1207.12, mixed mode, tiered, compressed oops, compressed class ptrs, g1 gc, windows-amd64)
# No core dump will be written. Minidumps are not enabled by default on client versions of Windows
#

---------------  S U M M A R Y ------------

Command Line: -Djava.rmi.server.hostname=127.0.0.1 -Duser.timezone=UTC -Xmx2048m -Xms128m -Djdbc.classpath=C:\Program Files\JetBrains\IntelliJ IDEA 2024.1\plugins\DatabaseTools\lib\jdbc-console.jar;C:\Users\jackb\AppData\Roaming\JetBrains\IntelliJIdea2024.1\jdbc-drivers\MySQL ConnectorJ\8.2.0\com\mysql\mysql-connector-j\8.2.0\mysql-connector-j-8.2.0.jar;C:\Users\jackb\AppData\Roaming\JetBrains\IntelliJIdea2024.1\jdbc-drivers\MySQL ConnectorJ\8.2.0\com\google\protobuf\protobuf-java\3.21.9\protobuf-java-3.21.9.jar --add-exports=java.desktop/sun.awt=ALL-UNNAMED --add-exports=java.desktop/java.awt.peer=ALL-UNNAMED --add-opens=java.desktop/java.awt=ALL-UNNAMED --add-opens=jdk.unsupported/sun.misc=ALL-UNNAMED --add-opens=java.base/java.nio=ALL-UNNAMED --add-opens=java.base/java.util=ALL-UNNAMED -Dfile.encoding=UTF-8 com.intellij.database.remote.RemoteJdbcServer com.mysql.cj.jdbc.Driver

Host: Intel(R) Core(TM) i7-8565U CPU @ 1.80GHz, 8 cores, 7G,  Windows 10 , 64 bit Build 19041 (10.0.19041.4597)
Time: Sat Aug  3 03:55:13 2024  Windows 10 , 64 bit Build 19041 (10.0.19041.4597) elapsed time: 5.770878 seconds (0d 0h 0m 5s)

---------------  T H R E A D  ---------------

Current thread (0x00000215257b04a0):  JavaThread "C2 CompilerThread0" daemon [_thread_in_native, id=128292, stack(0x000000ccf3500000,0x000000ccf3600000)]


Current CompileTask:
C2:   5771 1891       4       jdk.internal.org.objectweb.asm.Frame::execute (2305 bytes)

Stack: [0x000000ccf3500000,0x000000ccf3600000]
Native frames: (J=compiled Java code, j=interpreted, Vv=VM code, C=native code)
V  [jvm.dll+0x687989]
V  [jvm.dll+0x84116a]
V  [jvm.dll+0x842dae]
V  [jvm.dll+0x843413]
V  [jvm.dll+0x249ccf]
V  [jvm.dll+0xac524]
V  [jvm.dll+0xacb6c]
V  [jvm.dll+0x369ca2]
V  [jvm.dll+0x3340da]
V  [jvm.dll+0x33357a]
V  [jvm.dll+0x21b881]
V  [jvm.dll+0x21aca1]
V  [jvm.dll+0x1a602d]
V  [jvm.dll+0x22ac2e]
V  [jvm.dll+0x228db5]
V  [jvm.dll+0x7f5417]
V  [jvm.dll+0x7ef81a]
V  [jvm.dll+0x686805]
C  [ucrtbase.dll+0x21bb2]
C  [KERNEL32.DLL+0x17374]
C  [ntdll.dll+0x4cc91]


---------------  P R O C E S S  ---------------

Threads class SMR info:
_java_thread_list=0x000002152a24bb30, length=23, elements={
0x000002150b4e20b0, 0x00000215255f2b00, 0x00000215255f5540, 0x00000215257796a0,
0x0000021525790c60, 0x000002152577a5c0, 0x00000215257aacc0, 0x00000215257b04a0,
0x00000215257b0db0, 0x00000215257c8840, 0x000002152593d420, 0x0000021525941910,
0x00000215259f5370, 0x0000021525a2ea80, 0x000002152a111c50, 0x000002152a112130,
0x000002152a10f130, 0x000002152a0fe460, 0x000002152a0fe940, 0x000002152a26d100,
0x000002152a26a880, 0x000002152a26ad90, 0x000002152a26b2a0
}

Java Threads: ( => current thread )
  0x000002150b4e20b0 JavaThread "main" [_thread_blocked, id=132060, stack(0x000000ccf2800000,0x000000ccf2900000)]
  0x00000215255f2b00 JavaThread "Reference Handler" daemon [_thread_blocked, id=103616, stack(0x000000ccf2f00000,0x000000ccf3000000)]
  0x00000215255f5540 JavaThread "Finalizer" daemon [_thread_blocked, id=131648, stack(0x000000ccf3000000,0x000000ccf3100000)]
  0x00000215257796a0 JavaThread "Signal Dispatcher" daemon [_thread_blocked, id=131200, stack(0x000000ccf3100000,0x000000ccf3200000)]
  0x0000021525790c60 JavaThread "Attach Listener" daemon [_thread_blocked, id=125392, stack(0x000000ccf3200000,0x000000ccf3300000)]
  0x000002152577a5c0 JavaThread "Service Thread" daemon [_thread_blocked, id=18776, stack(0x000000ccf3300000,0x000000ccf3400000)]
  0x00000215257aacc0 JavaThread "Monitor Deflation Thread" daemon [_thread_blocked, id=131612, stack(0x000000ccf3400000,0x000000ccf3500000)]
=>0x00000215257b04a0 JavaThread "C2 CompilerThread0" daemon [_thread_in_native, id=128292, stack(0x000000ccf3500000,0x000000ccf3600000)]
  0x00000215257b0db0 JavaThread "C1 CompilerThread0" daemon [_thread_in_native, id=131128, stack(0x000000ccf3600000,0x000000ccf3700000)]
  0x00000215257c8840 JavaThread "Sweeper thread" daemon [_thread_blocked, id=100388, stack(0x000000ccf3700000,0x000000ccf3800000)]
  0x000002152593d420 JavaThread "Common-Cleaner" daemon [_thread_blocked, id=125660, stack(0x000000ccf3800000,0x000000ccf3900000)]
  0x0000021525941910 JavaThread "Notification Thread" daemon [_thread_blocked, id=23856, stack(0x000000ccf3900000,0x000000ccf3a00000)]
  0x00000215259f5370 JavaThread "mysql-cj-abandoned-connection-cleanup" daemon [_thread_blocked, id=26104, stack(0x000000ccf3b00000,0x000000ccf3c00000)]
  0x0000021525a2ea80 JavaThread "RMI TCP Accept-30309" daemon [_thread_in_native, id=118416, stack(0x000000ccf3c00000,0x000000ccf3d00000)]
  0x000002152a111c50 JavaThread "RMI TCP Accept-0" daemon [_thread_in_native, id=127072, stack(0x000000ccf3d00000,0x000000ccf3e00000)]
  0x000002152a112130 JavaThread "RMI Reaper" [_thread_blocked, id=96280, stack(0x000000ccf3e00000,0x000000ccf3f00000)]
  0x000002152a10f130 JavaThread "RMI GC Daemon" daemon [_thread_blocked, id=121464, stack(0x000000ccf3f00000,0x000000ccf4000000)]
  0x000002152a0fe460 JavaThread "RMI TCP Connection(1)-127.0.0.1" daemon [_thread_in_native, id=121808, stack(0x000000ccf4000000,0x000000ccf4100000)]
  0x000002152a0fe940 JavaThread "RMI TCP Connection(2)-127.0.0.1" daemon [_thread_in_native, id=126204, stack(0x000000ccf4100000,0x000000ccf4200000)]
  0x000002152a26d100 JavaThread "RMI Scheduler(0)" daemon [_thread_blocked, id=130924, stack(0x000000ccf4200000,0x000000ccf4300000)]
  0x000002152a26a880 JavaThread "RMI TCP Connection(3)-127.0.0.1" daemon [_thread_in_native, id=131092, stack(0x000000ccf4300000,0x000000ccf4400000)]
  0x000002152a26ad90 JavaThread "RMI TCP Connection(4)-127.0.0.1" daemon [_thread_in_native, id=128532, stack(0x000000ccf4400000,0x000000ccf4500000)]
  0x000002152a26b2a0 JavaThread "RMI RenewClean-[127.0.0.1:57807]" daemon [_thread_blocked, id=94480, stack(0x000000ccf4500000,0x000000ccf4600000)]

Other Threads:
  0x00000215255a9300 VMThread "VM Thread" [stack: 0x000000ccf2e00000,0x000000ccf2f00000] [id=131568]
  0x0000021525942200 WatcherThread [stack: 0x000000ccf3a00000,0x000000ccf3b00000] [id=128132]
  0x000002150b53d0b0 GCTaskThread "GC Thread#0" [stack: 0x000000ccf2900000,0x000000ccf2a00000] [id=131988]
  0x000002152a75e020 GCTaskThread "GC Thread#1" [stack: 0x000000ccf4600000,0x000000ccf4700000] [id=123560]
  0x000002152a75e2e0 GCTaskThread "GC Thread#2" [stack: 0x000000ccf4700000,0x000000ccf4800000] [id=14984]
  0x000002152aa0e1e0 GCTaskThread "GC Thread#3" [stack: 0x000000ccf4800000,0x000000ccf4900000] [id=18772]
  0x000002152aa8c1d0 GCTaskThread "GC Thread#4" [stack: 0x000000ccf4900000,0x000000ccf4a00000] [id=114212]
  0x000002152aa8c490 GCTaskThread "GC Thread#5" [stack: 0x000000ccf4a00000,0x000000ccf4b00000] [id=116676]
  0x000002152aa8c750 GCTaskThread "GC Thread#6" [stack: 0x000000ccf4b00000,0x000000ccf4c00000] [id=126592]
  0x000002152aa8da20 GCTaskThread "GC Thread#7" [stack: 0x000000ccf4c00000,0x000000ccf4d00000] [id=127944]
  0x000002150b54e6b0 ConcurrentGCThread "G1 Main Marker" [stack: 0x000000ccf2a00000,0x000000ccf2b00000] [id=131112]
  0x000002150b54efe0 ConcurrentGCThread "G1 Conc#0" [stack: 0x000000ccf2b00000,0x000000ccf2c00000] [id=122996]
  0x000002152ace7040 ConcurrentGCThread "G1 Conc#1" [stack: 0x000000ccf4e00000,0x000000ccf4f00000] [id=25660]
  0x000002152545a100 ConcurrentGCThread "G1 Refine#0" [stack: 0x000000ccf2c00000,0x000000ccf2d00000] [id=118652]
  0x000002152aa8dce0 ConcurrentGCThread "G1 Refine#1" [stack: 0x000000ccf4d00000,0x000000ccf4e00000] [id=115240]
  0x000002152545aa40 ConcurrentGCThread "G1 Service" [stack: 0x000000ccf2d00000,0x000000ccf2e00000] [id=126528]

Threads with active compile tasks:
C2 CompilerThread0     5843 1891       4       jdk.internal.org.objectweb.asm.Frame::execute (2305 bytes)

VM state: not at safepoint (normal execution)

VM Mutex/Monitor currently owned by a thread: None

Heap address: 0x0000000080000000, size: 2048 MB, Compressed Oops mode: 32-bit

CDS archive(s) not mapped
Compressed class space mapped at: 0x0000000100000000-0x0000000140000000, reserved size: 1073741824
Narrow klass base: 0x0000000000000000, Narrow klass shift: 3, Narrow klass range: 0x140000000

GC Precious Log:
 CPUs: 8 total, 8 available
 Memory: 7999M
 Large Page Support: Disabled
 NUMA Support: Disabled
 Compressed Oops: Enabled (32-bit)
 Heap Region Size: 1M
 Heap Min Capacity: 128M
 Heap Initial Capacity: 128M
 Heap Max Capacity: 2G
 Pre-touch: Disabled
 Parallel Workers: 8
 Concurrent Workers: 2
 Concurrent Refinement Workers: 8
 Periodic GC: Disabled

Heap:
 garbage-first heap   total 131072K, used 17050K [0x0000000080000000, 0x0000000100000000)
  region size 1024K, 10 young (10240K), 1 survivors (1024K)
 Metaspace       used 23841K, committed 24192K, reserved 1114112K
  class space    used 2542K, committed 2688K, reserved 1048576K

Heap Regions: E=young(eden), S=young(survivor), O=old, HS=humongous(starts), HC=humongous(continues), CS=collection set, F=free, OA=open archive, CA=closed archive, TAMS=top-at-mark-start (previous, next)
|   0|0x0000000080000000, 0x0000000080100000, 0x0000000080100000|100%|HS|  |TAMS 0x0000000080100000, 0x0000000080000000| Complete 
|   1|0x0000000080100000, 0x0000000080200000, 0x0000000080200000|100%|HC|  |TAMS 0x0000000080200000, 0x0000000080100000| Complete 
|   2|0x0000000080200000, 0x0000000080300000, 0x0000000080300000|100%|HC|  |TAMS 0x0000000080300000, 0x0000000080200000| Complete 
|   3|0x0000000080300000, 0x0000000080400000, 0x0000000080400000|100%| O|  |TAMS 0x0000000080400000, 0x0000000080300000| Untracked 
|   4|0x0000000080400000, 0x0000000080500000, 0x0000000080500000|100%| O|  |TAMS 0x0000000080500000, 0x0000000080400000| Untracked 
|   5|0x0000000080500000, 0x0000000080600000, 0x0000000080600000|100%| O|  |TAMS 0x00000000805a7000, 0x0000000080500000| Untracked 
|   6|0x0000000080600000, 0x0000000080700000, 0x0000000080700000|100%| O|  |TAMS 0x0000000080600000, 0x0000000080600000| Untracked 
|   7|0x0000000080700000, 0x0000000080800000, 0x0000000080800000|100%| O|  |TAMS 0x0000000080700000, 0x0000000080700000| Untracked 
|   8|0x0000000080800000, 0x0000000080833c00, 0x0000000080900000| 20%| O|  |TAMS 0x0000000080800000, 0x0000000080800000| Untracked 
|   9|0x0000000080900000, 0x0000000080900000, 0x0000000080a00000|  0%| F|  |TAMS 0x0000000080900000, 0x0000000080900000| Untracked 
|  10|0x0000000080a00000, 0x0000000080a00000, 0x0000000080b00000|  0%| F|  |TAMS 0x0000000080a00000, 0x0000000080a00000| Untracked 
|  11|0x0000000080b00000, 0x0000000080b00000, 0x0000000080c00000|  0%| F|  |TAMS 0x0000000080b00000, 0x0000000080b00000| Untracked 
|  12|0x0000000080c00000, 0x0000000080c00000, 0x0000000080d00000|  0%| F|  |TAMS 0x0000000080c00000, 0x0000000080c00000| Untracked 
|  13|0x0000000080d00000, 0x0000000080d00000, 0x0000000080e00000|  0%| F|  |TAMS 0x0000000080d00000, 0x0000000080d00000| Untracked 
|  14|0x0000000080e00000, 0x0000000080e00000, 0x0000000080f00000|  0%| F|  |TAMS 0x0000000080e00000, 0x0000000080e00000| Untracked 
|  15|0x0000000080f00000, 0x0000000080f00000, 0x0000000081000000|  0%| F|  |TAMS 0x0000000080f00000, 0x0000000080f00000| Untracked 
|  16|0x0000000081000000, 0x0000000081000000, 0x0000000081100000|  0%| F|  |TAMS 0x0000000081000000, 0x0000000081000000| Untracked 
|  17|0x0000000081100000, 0x0000000081100000, 0x0000000081200000|  0%| F|  |TAMS 0x0000000081100000, 0x0000000081100000| Untracked 
|  18|0x0000000081200000, 0x0000000081200000, 0x0000000081300000|  0%| F|  |TAMS 0x0000000081200000, 0x0000000081200000| Untracked 
|  19|0x0000000081300000, 0x0000000081300000, 0x0000000081400000|  0%| F|  |TAMS 0x0000000081300000, 0x0000000081300000| Untracked 
|  20|0x0000000081400000, 0x0000000081400000, 0x0000000081500000|  0%| F|  |TAMS 0x0000000081400000, 0x0000000081400000| Untracked 
|  21|0x0000000081500000, 0x0000000081500000, 0x0000000081600000|  0%| F|  |TAMS 0x0000000081500000, 0x0000000081500000| Untracked 
|  22|0x0000000081600000, 0x0000000081600000, 0x0000000081700000|  0%| F|  |TAMS 0x0000000081600000, 0x0000000081600000| Untracked 
|  23|0x0000000081700000, 0x0000000081700000, 0x0000000081800000|  0%| F|  |TAMS 0x0000000081700000, 0x0000000081700000| Untracked 
|  24|0x0000000081800000, 0x0000000081800000, 0x0000000081900000|  0%| F|  |TAMS 0x0000000081800000, 0x0000000081800000| Untracked 
|  25|0x0000000081900000, 0x0000000081900000, 0x0000000081a00000|  0%| F|  |TAMS 0x0000000081900000, 0x0000000081900000| Untracked 
|  26|0x0000000081a00000, 0x0000000081a00000, 0x0000000081b00000|  0%| F|  |TAMS 0x0000000081a00000, 0x0000000081a00000| Untracked 
|  27|0x0000000081b00000, 0x0000000081b00000, 0x0000000081c00000|  0%| F|  |TAMS 0x0000000081b00000, 0x0000000081b00000| Untracked 
|  28|0x0000000081c00000, 0x0000000081c00000, 0x0000000081d00000|  0%| F|  |TAMS 0x0000000081c00000, 0x0000000081c00000| Untracked 
|  29|0x0000000081d00000, 0x0000000081d00000, 0x0000000081e00000|  0%| F|  |TAMS 0x0000000081d00000, 0x0000000081d00000| Untracked 
|  30|0x0000000081e00000, 0x0000000081e00000, 0x0000000081f00000|  0%| F|  |TAMS 0x0000000081e00000, 0x0000000081e00000| Untracked 
|  31|0x0000000081f00000, 0x0000000081f00000, 0x0000000082000000|  0%| F|  |TAMS 0x0000000081f00000, 0x0000000081f00000| Untracked 
|  32|0x0000000082000000, 0x0000000082000000, 0x0000000082100000|  0%| F|  |TAMS 0x0000000082000000, 0x0000000082000000| Untracked 
|  33|0x0000000082100000, 0x0000000082100000, 0x0000000082200000|  0%| F|  |TAMS 0x0000000082100000, 0x0000000082100000| Untracked 
|  34|0x0000000082200000, 0x0000000082200000, 0x0000000082300000|  0%| F|  |TAMS 0x0000000082200000, 0x0000000082200000| Untracked 
|  35|0x0000000082300000, 0x0000000082300000, 0x0000000082400000|  0%| F|  |TAMS 0x0000000082300000, 0x0000000082300000| Untracked 
|  36|0x0000000082400000, 0x0000000082400000, 0x0000000082500000|  0%| F|  |TAMS 0x0000000082400000, 0x0000000082400000| Untracked 
|  37|0x0000000082500000, 0x0000000082500000, 0x0000000082600000|  0%| F|  |TAMS 0x0000000082500000, 0x0000000082500000| Untracked 
|  38|0x0000000082600000, 0x0000000082600000, 0x0000000082700000|  0%| F|  |TAMS 0x0000000082600000, 0x0000000082600000| Untracked 
|  39|0x0000000082700000, 0x0000000082700000, 0x0000000082800000|  0%| F|  |TAMS 0x0000000082700000, 0x0000000082700000| Untracked 
|  40|0x0000000082800000, 0x0000000082800000, 0x0000000082900000|  0%| F|  |TAMS 0x0000000082800000, 0x0000000082800000| Untracked 
|  41|0x0000000082900000, 0x0000000082900000, 0x0000000082a00000|  0%| F|  |TAMS 0x0000000082900000, 0x0000000082900000| Untracked 
|  42|0x0000000082a00000, 0x0000000082a00000, 0x0000000082b00000|  0%| F|  |TAMS 0x0000000082a00000, 0x0000000082a00000| Untracked 
|  43|0x0000000082b00000, 0x0000000082b00000, 0x0000000082c00000|  0%| F|  |TAMS 0x0000000082b00000, 0x0000000082b00000| Untracked 
|  44|0x0000000082c00000, 0x0000000082c00000, 0x0000000082d00000|  0%| F|  |TAMS 0x0000000082c00000, 0x0000000082c00000| Untracked 
|  45|0x0000000082d00000, 0x0000000082d00000, 0x0000000082e00000|  0%| F|  |TAMS 0x0000000082d00000, 0x0000000082d00000| Untracked 
|  46|0x0000000082e00000, 0x0000000082e00000, 0x0000000082f00000|  0%| F|  |TAMS 0x0000000082e00000, 0x0000000082e00000| Untracked 
|  47|0x0000000082f00000, 0x0000000082f00000, 0x0000000083000000|  0%| F|  |TAMS 0x0000000082f00000, 0x0000000082f00000| Untracked 
|  48|0x0000000083000000, 0x0000000083000000, 0x0000000083100000|  0%| F|  |TAMS 0x0000000083000000, 0x0000000083000000| Untracked 
|  49|0x0000000083100000, 0x0000000083100000, 0x0000000083200000|  0%| F|  |TAMS 0x0000000083100000, 0x0000000083100000| Untracked 
|  50|0x0000000083200000, 0x0000000083200000, 0x0000000083300000|  0%| F|  |TAMS 0x0000000083200000, 0x0000000083200000| Untracked 
|  51|0x0000000083300000, 0x0000000083300000, 0x0000000083400000|  0%| F|  |TAMS 0x0000000083300000, 0x0000000083300000| Untracked 
|  52|0x0000000083400000, 0x0000000083400000, 0x0000000083500000|  0%| F|  |TAMS 0x0000000083400000, 0x0000000083400000| Untracked 
|  53|0x0000000083500000, 0x0000000083500000, 0x0000000083600000|  0%| F|  |TAMS 0x0000000083500000, 0x0000000083500000| Untracked 
|  54|0x0000000083600000, 0x0000000083600000, 0x0000000083700000|  0%| F|  |TAMS 0x0000000083600000, 0x0000000083600000| Untracked 
|  55|0x0000000083700000, 0x0000000083700000, 0x0000000083800000|  0%| F|  |TAMS 0x0000000083700000, 0x0000000083700000| Untracked 
|  56|0x0000000083800000, 0x0000000083800000, 0x0000000083900000|  0%| F|  |TAMS 0x0000000083800000, 0x0000000083800000| Untracked 
|  57|0x0000000083900000, 0x0000000083900000, 0x0000000083a00000|  0%| F|  |TAMS 0x0000000083900000, 0x0000000083900000| Untracked 
|  58|0x0000000083a00000, 0x0000000083a00000, 0x0000000083b00000|  0%| F|  |TAMS 0x0000000083a00000, 0x0000000083a00000| Untracked 
|  59|0x0000000083b00000, 0x0000000083b00000, 0x0000000083c00000|  0%| F|  |TAMS 0x0000000083b00000, 0x0000000083b00000| Untracked 
|  60|0x0000000083c00000, 0x0000000083c00000, 0x0000000083d00000|  0%| F|  |TAMS 0x0000000083c00000, 0x0000000083c00000| Untracked 
|  61|0x0000000083d00000, 0x0000000083d00000, 0x0000000083e00000|  0%| F|  |TAMS 0x0000000083d00000, 0x0000000083d00000| Untracked 
|  62|0x0000000083e00000, 0x0000000083e00000, 0x0000000083f00000|  0%| F|  |TAMS 0x0000000083e00000, 0x0000000083e00000| Untracked 
|  63|0x0000000083f00000, 0x0000000083f00000, 0x0000000084000000|  0%| F|  |TAMS 0x0000000083f00000, 0x0000000083f00000| Untracked 
|  64|0x0000000084000000, 0x0000000084000000, 0x0000000084100000|  0%| F|  |TAMS 0x0000000084000000, 0x0000000084000000| Untracked 
|  65|0x0000000084100000, 0x0000000084100000, 0x0000000084200000|  0%| F|  |TAMS 0x0000000084100000, 0x0000000084100000| Untracked 
|  66|0x0000000084200000, 0x0000000084200000, 0x0000000084300000|  0%| F|  |TAMS 0x0000000084200000, 0x0000000084200000| Untracked 
|  67|0x0000000084300000, 0x0000000084300000, 0x0000000084400000|  0%| F|  |TAMS 0x0000000084300000, 0x0000000084300000| Untracked 
|  68|0x0000000084400000, 0x0000000084400000, 0x0000000084500000|  0%| F|  |TAMS 0x0000000084400000, 0x0000000084400000| Untracked 
|  69|0x0000000084500000, 0x0000000084500000, 0x0000000084600000|  0%| F|  |TAMS 0x0000000084500000, 0x0000000084500000| Untracked 
|  70|0x0000000084600000, 0x0000000084600000, 0x0000000084700000|  0%| F|  |TAMS 0x0000000084600000, 0x0000000084600000| Untracked 
|  71|0x0000000084700000, 0x0000000084700000, 0x0000000084800000|  0%| F|  |TAMS 0x0000000084700000, 0x0000000084700000| Untracked 
|  72|0x0000000084800000, 0x0000000084800000, 0x0000000084900000|  0%| F|  |TAMS 0x0000000084800000, 0x0000000084800000| Untracked 
|  73|0x0000000084900000, 0x0000000084900000, 0x0000000084a00000|  0%| F|  |TAMS 0x0000000084900000, 0x0000000084900000| Untracked 
|  74|0x0000000084a00000, 0x0000000084a00000, 0x0000000084b00000|  0%| F|  |TAMS 0x0000000084a00000, 0x0000000084a00000| Untracked 
|  75|0x0000000084b00000, 0x0000000084b00000, 0x0000000084c00000|  0%| F|  |TAMS 0x0000000084b00000, 0x0000000084b00000| Untracked 
|  76|0x0000000084c00000, 0x0000000084c00000, 0x0000000084d00000|  0%| F|  |TAMS 0x0000000084c00000, 0x0000000084c00000| Untracked 
|  77|0x0000000084d00000, 0x0000000084d00000, 0x0000000084e00000|  0%| F|  |TAMS 0x0000000084d00000, 0x0000000084d00000| Untracked 
|  78|0x0000000084e00000, 0x0000000084e00000, 0x0000000084f00000|  0%| F|  |TAMS 0x0000000084e00000, 0x0000000084e00000| Untracked 
|  79|0x0000000084f00000, 0x0000000084f00000, 0x0000000085000000|  0%| F|  |TAMS 0x0000000084f00000, 0x0000000084f00000| Untracked 
|  80|0x0000000085000000, 0x0000000085000000, 0x0000000085100000|  0%| F|  |TAMS 0x0000000085000000, 0x0000000085000000| Untracked 
|  81|0x0000000085100000, 0x0000000085100000, 0x0000000085200000|  0%| F|  |TAMS 0x0000000085100000, 0x0000000085100000| Untracked 
|  82|0x0000000085200000, 0x0000000085200000, 0x0000000085300000|  0%| F|  |TAMS 0x0000000085200000, 0x0000000085200000| Untracked 
|  83|0x0000000085300000, 0x0000000085300000, 0x0000000085400000|  0%| F|  |TAMS 0x0000000085300000, 0x0000000085300000| Untracked 
|  84|0x0000000085400000, 0x0000000085400000, 0x0000000085500000|  0%| F|  |TAMS 0x0000000085400000, 0x0000000085400000| Untracked 
|  85|0x0000000085500000, 0x0000000085500000, 0x0000000085600000|  0%| F|  |TAMS 0x0000000085500000, 0x0000000085500000| Untracked 
|  86|0x0000000085600000, 0x0000000085600000, 0x0000000085700000|  0%| F|  |TAMS 0x0000000085600000, 0x0000000085600000| Untracked 
|  87|0x0000000085700000, 0x0000000085700000, 0x0000000085800000|  0%| F|  |TAMS 0x0000000085700000, 0x0000000085700000| Untracked 
|  88|0x0000000085800000, 0x0000000085800000, 0x0000000085900000|  0%| F|  |TAMS 0x0000000085800000, 0x0000000085800000| Untracked 
|  89|0x0000000085900000, 0x0000000085900000, 0x0000000085a00000|  0%| F|  |TAMS 0x0000000085900000, 0x0000000085900000| Untracked 
|  90|0x0000000085a00000, 0x0000000085a00000, 0x0000000085b00000|  0%| F|  |TAMS 0x0000000085a00000, 0x0000000085a00000| Untracked 
|  91|0x0000000085b00000, 0x0000000085b00000, 0x0000000085c00000|  0%| F|  |TAMS 0x0000000085b00000, 0x0000000085b00000| Untracked 
|  92|0x0000000085c00000, 0x0000000085c00000, 0x0000000085d00000|  0%| F|  |TAMS 0x0000000085c00000, 0x0000000085c00000| Untracked 
|  93|0x0000000085d00000, 0x0000000085d00000, 0x0000000085e00000|  0%| F|  |TAMS 0x0000000085d00000, 0x0000000085d00000| Untracked 
|  94|0x0000000085e00000, 0x0000000085e00000, 0x0000000085f00000|  0%| F|  |TAMS 0x0000000085e00000, 0x0000000085e00000| Untracked 
|  95|0x0000000085f00000, 0x0000000085f00000, 0x0000000086000000|  0%| F|  |TAMS 0x0000000085f00000, 0x0000000085f00000| Untracked 
|  96|0x0000000086000000, 0x0000000086000000, 0x0000000086100000|  0%| F|  |TAMS 0x0000000086000000, 0x0000000086000000| Untracked 
|  97|0x0000000086100000, 0x0000000086100000, 0x0000000086200000|  0%| F|  |TAMS 0x0000000086100000, 0x0000000086100000| Untracked 
|  98|0x0000000086200000, 0x0000000086200000, 0x0000000086300000|  0%| F|  |TAMS 0x0000000086200000, 0x0000000086200000| Untracked 
|  99|0x0000000086300000, 0x0000000086300000, 0x0000000086400000|  0%| F|  |TAMS 0x0000000086300000, 0x0000000086300000| Untracked 
| 100|0x0000000086400000, 0x0000000086400000, 0x0000000086500000|  0%| F|  |TAMS 0x0000000086400000, 0x0000000086400000| Untracked 
| 101|0x0000000086500000, 0x0000000086500000, 0x0000000086600000|  0%| F|  |TAMS 0x0000000086500000, 0x0000000086500000| Untracked 
| 102|0x0000000086600000, 0x0000000086600000, 0x0000000086700000|  0%| F|  |TAMS 0x0000000086600000, 0x0000000086600000| Untracked 
| 103|0x0000000086700000, 0x0000000086700000, 0x0000000086800000|  0%| F|  |TAMS 0x0000000086700000, 0x0000000086700000| Untracked 
| 104|0x0000000086800000, 0x0000000086800000, 0x0000000086900000|  0%| F|  |TAMS 0x0000000086800000, 0x0000000086800000| Untracked 
| 105|0x0000000086900000, 0x0000000086900000, 0x0000000086a00000|  0%| F|  |TAMS 0x0000000086900000, 0x0000000086900000| Untracked 
| 106|0x0000000086a00000, 0x0000000086a00000, 0x0000000086b00000|  0%| F|  |TAMS 0x0000000086a00000, 0x0000000086a00000| Untracked 
| 107|0x0000000086b00000, 0x0000000086b00000, 0x0000000086c00000|  0%| F|  |TAMS 0x0000000086b00000, 0x0000000086b00000| Untracked 
| 108|0x0000000086c00000, 0x0000000086c00000, 0x0000000086d00000|  0%| F|  |TAMS 0x0000000086c00000, 0x0000000086c00000| Untracked 
| 109|0x0000000086d00000, 0x0000000086d00000, 0x0000000086e00000|  0%| F|  |TAMS 0x0000000086d00000, 0x0000000086d00000| Untracked 
| 110|0x0000000086e00000, 0x0000000086e00000, 0x0000000086f00000|  0%| F|  |TAMS 0x0000000086e00000, 0x0000000086e00000| Untracked 
| 111|0x0000000086f00000, 0x0000000086f00000, 0x0000000087000000|  0%| F|  |TAMS 0x0000000086f00000, 0x0000000086f00000| Untracked 
| 112|0x0000000087000000, 0x0000000087000000, 0x0000000087100000|  0%| F|  |TAMS 0x0000000087000000, 0x0000000087000000| Untracked 
| 113|0x0000000087100000, 0x0000000087100000, 0x0000000087200000|  0%| F|  |TAMS 0x0000000087100000, 0x0000000087100000| Untracked 
| 114|0x0000000087200000, 0x0000000087200000, 0x0000000087300000|  0%| F|  |TAMS 0x0000000087200000, 0x0000000087200000| Untracked 
| 115|0x0000000087300000, 0x0000000087300000, 0x0000000087400000|  0%| F|  |TAMS 0x0000000087300000, 0x0000000087300000| Untracked 
| 116|0x0000000087400000, 0x0000000087400000, 0x0000000087500000|  0%| F|  |TAMS 0x0000000087400000, 0x0000000087400000| Untracked 
| 117|0x0000000087500000, 0x0000000087500000, 0x0000000087600000|  0%| F|  |TAMS 0x0000000087500000, 0x0000000087500000| Untracked 
| 118|0x0000000087600000, 0x0000000087700000, 0x0000000087700000|100%| E|  |TAMS 0x0000000087600000, 0x0000000087600000| Complete 
| 119|0x0000000087700000, 0x0000000087800000, 0x0000000087800000|100%| E|CS|TAMS 0x0000000087700000, 0x0000000087700000| Complete 
| 120|0x0000000087800000, 0x0000000087900000, 0x0000000087900000|100%| E|CS|TAMS 0x0000000087800000, 0x0000000087800000| Complete 
| 121|0x0000000087900000, 0x0000000087a00000, 0x0000000087a00000|100%| E|CS|TAMS 0x0000000087900000, 0x0000000087900000| Complete 
| 122|0x0000000087a00000, 0x0000000087b00000, 0x0000000087b00000|100%| E|CS|TAMS 0x0000000087a00000, 0x0000000087a00000| Complete 
| 123|0x0000000087b00000, 0x0000000087c00000, 0x0000000087c00000|100%| E|CS|TAMS 0x0000000087b00000, 0x0000000087b00000| Complete 
| 124|0x0000000087c00000, 0x0000000087c72e88, 0x0000000087d00000| 44%| S|CS|TAMS 0x0000000087c00000, 0x0000000087c00000| Complete 
| 125|0x0000000087d00000, 0x0000000087e00000, 0x0000000087e00000|100%| E|CS|TAMS 0x0000000087d00000, 0x0000000087d00000| Complete 
| 126|0x0000000087e00000, 0x0000000087f00000, 0x0000000087f00000|100%| E|CS|TAMS 0x0000000087e00000, 0x0000000087e00000| Complete 
| 127|0x0000000087f00000, 0x0000000088000000, 0x0000000088000000|100%| E|CS|TAMS 0x0000000087f00000, 0x0000000087f00000| Complete 

Card table byte_map: [0x000002151e390000,0x000002151e790000] _byte_map_base: 0x000002151df90000

Marking Bits (Prev, Next): (CMBitMap*) 0x000002150b53d620, (CMBitMap*) 0x000002150b53d5e0
 Prev Bits: [0x0000021520b90000, 0x0000021522b90000)
 Next Bits: [0x000002151eb90000, 0x0000021520b90000)

Polling page: 0x000002150aca0000

Metaspace:

Usage:
  Non-class:     20.80 MB used.
      Class:      2.48 MB used.
       Both:     23.28 MB used.

Virtual space:
  Non-class space:       64.00 MB reserved,      21.00 MB ( 33%) committed,  1 nodes.
      Class space:        1.00 GB reserved,       2.62 MB ( <1%) committed,  1 nodes.
             Both:        1.06 GB reserved,      23.62 MB (  2%) committed. 

Chunk freelists:
   Non-Class:  10.30 MB
       Class:  13.19 MB
        Both:  23.49 MB

MaxMetaspaceSize: unlimited
CompressedClassSpaceSize: 1.00 GB
Initial GC threshold: 21.00 MB
Current GC threshold: 35.25 MB
CDS: off
MetaspaceReclaimPolicy: balanced
 - commit_granule_bytes: 65536.
 - commit_granule_words: 8192.
 - virtual_space_node_default_size: 8388608.
 - enlarge_chunks_in_place: 1.
 - new_chunks_are_fully_committed: 0.
 - uncommit_free_chunks: 1.
 - use_allocation_guard: 0.
 - handle_deallocations: 1.


Internal statistics:

num_allocs_failed_limit: 3.
num_arena_births: 308.
num_arena_deaths: 0.
num_vsnodes_births: 2.
num_vsnodes_deaths: 0.
num_space_committed: 378.
num_space_uncommitted: 0.
num_chunks_returned_to_freelist: 3.
num_chunks_taken_from_freelist: 674.
num_chunk_merges: 0.
num_chunk_splits: 401.
num_chunks_enlarged: 209.
num_inconsistent_stats: 0.

CodeHeap 'non-profiled nmethods': size=120000Kb used=644Kb max_used=644Kb free=119355Kb
 bounds [0x0000021516730000, 0x00000215169a0000, 0x000002151dc60000]
CodeHeap 'profiled nmethods': size=120000Kb used=3883Kb max_used=3883Kb free=116117Kb
 bounds [0x000002150ec60000, 0x000002150f030000, 0x0000021516190000]
CodeHeap 'non-nmethods': size=5760Kb used=1239Kb max_used=1259Kb free=4521Kb
 bounds [0x0000021516190000, 0x0000021516400000, 0x0000021516730000]
 total_blobs=2577 nmethods=2027 adapters=463
 compilation: enabled
              stopped_count=0, restarted_count=0
 full_count=0

Compilation events (20 events):
Event: 5.758 Thread 0x00000215257b0db0 1943       3       java.io.ObjectOutputStream$HandleTable::assign (52 bytes)
Event: 5.758 Thread 0x00000215257b0db0 nmethod 1943 0x000002150f000c90 code [0x000002150f000e60, 0x000002150f0010c8]
Event: 5.758 Thread 0x00000215257b0db0 1944       3       java.io.ObjectOutputStream$HandleTable::insert (39 bytes)
Event: 5.758 Thread 0x00000215257b0db0 nmethod 1944 0x000002150f001210 code [0x000002150f0013e0, 0x000002150f0017a8]
Event: 5.758 Thread 0x00000215257b0db0 1946       3       java.io.ObjectInputStream$BlockDataInputStream::readUTF (10 bytes)
Event: 5.759 Thread 0x00000215257b0db0 nmethod 1946 0x000002150f001990 code [0x000002150f001b40, 0x000002150f001cd8]
Event: 5.759 Thread 0x00000215257b0db0 1947       3       java.io.ObjectInputStream$BlockDataInputStream::readUnsignedShort (76 bytes)
Event: 5.759 Thread 0x00000215257b0db0 nmethod 1947 0x000002150f001d90 code [0x000002150f001f60, 0x000002150f002298]
Event: 5.759 Thread 0x00000215257b0db0 1948       3       java.lang.Math::min (12 bytes)
Event: 5.759 Thread 0x00000215257b0db0 nmethod 1948 0x000002150f002410 code [0x000002150f0025a0, 0x000002150f0026d8]
Event: 5.759 Thread 0x00000215257b0db0 1949       1       jdk.internal.event.DeserializationEvent::shouldCommit (2 bytes)
Event: 5.759 Thread 0x00000215257b0db0 nmethod 1949 0x00000215167ced10 code [0x00000215167ceea0, 0x00000215167cef78]
Event: 5.759 Thread 0x00000215257b0db0 1950       1       java.io.ObjectInputStream$PeekInputStream::getBytesRead (5 bytes)
Event: 5.759 Thread 0x00000215257b0db0 nmethod 1950 0x00000215167cf010 code [0x00000215167cf1a0, 0x00000215167cf278]
Event: 5.760 Thread 0x00000215257b0db0 1951       1       java.io.ObjectStreamClass$FieldReflectorKey::hashCode (5 bytes)
Event: 5.760 Thread 0x00000215257b0db0 nmethod 1951 0x00000215167cf310 code [0x00000215167cf4a0, 0x00000215167cf578]
Event: 5.760 Thread 0x00000215257b0db0 1952       3       java.io.ObjectOutputStream$BlockDataOutputStream::writeUTF (11 bytes)
Event: 5.760 Thread 0x00000215257b0db0 nmethod 1952 0x000002150f002790 code [0x000002150f002940, 0x000002150f002af8]
Event: 5.760 Thread 0x00000215257b0db0 1953       1       java.io.ObjectStreamField::isUnshared (5 bytes)
Event: 5.760 Thread 0x00000215257b0db0 nmethod 1953 0x00000215167cf610 code [0x00000215167cf7a0, 0x00000215167cf878]

GC Heap History (4 events):
Event: 3.407 GC heap before
{Heap before GC invocations=0 (full 0):
 garbage-first heap   total 131072K, used 25600K [0x0000000080000000, 0x0000000100000000)
  region size 1024K, 23 young (23552K), 0 survivors (0K)
 Metaspace       used 18392K, committed 18752K, reserved 1114112K
  class space    used 1942K, committed 2112K, reserved 1048576K
}
Event: 3.420 GC heap after
{Heap after GC invocations=1 (full 0):
 garbage-first heap   total 131072K, used 8860K [0x0000000080000000, 0x0000000100000000)
  region size 1024K, 3 young (3072K), 3 survivors (3072K)
 Metaspace       used 18392K, committed 18752K, reserved 1114112K
  class space    used 1942K, committed 2112K, reserved 1048576K
}
Event: 3.716 GC heap before
{Heap before GC invocations=1 (full 0):
 garbage-first heap   total 131072K, used 10908K [0x0000000080000000, 0x0000000100000000)
  region size 1024K, 6 young (6144K), 3 survivors (3072K)
 Metaspace       used 21250K, committed 21504K, reserved 1114112K
  class space    used 2299K, committed 2432K, reserved 1048576K
}
Event: 3.722 GC heap after
{Heap after GC invocations=2 (full 0):
 garbage-first heap   total 131072K, used 8858K [0x0000000080000000, 0x0000000100000000)
  region size 1024K, 1 young (1024K), 1 survivors (1024K)
 Metaspace       used 21250K, committed 21504K, reserved 1114112K
  class space    used 2299K, committed 2432K, reserved 1048576K
}

Dll operation events (1 events):
Event: 0.046 Loaded shared library C:\Program Files\JetBrains\IntelliJ IDEA 2024.1\jbr\bin\java.dll

Deoptimization events (20 events):
Event: 4.103 Thread 0x000002152a26ad90 Uncommon trap: trap_request=0xffffffc6 fr.pc=0x00000215167aabe0 relative=0x00000000000002a0
Event: 4.103 Thread 0x000002152a26ad90 Uncommon trap: reason=bimorphic_or_optimized_type_check action=maybe_recompile pc=0x00000215167aabe0 method=java.util.regex.Pattern$SliceI.match(Ljava/util/regex/Matcher;ILjava/lang/CharSequence;)Z @ 92 c2
Event: 4.103 Thread 0x000002152a26ad90 DEOPT PACKING pc=0x00000215167aabe0 sp=0x000000ccf44fdbb0
Event: 4.104 Thread 0x000002152a26ad90 DEOPT UNPACKING pc=0x00000215161e69a3 sp=0x000000ccf44fdb58 mode 2
Event: 4.435 Thread 0x000002152a26ad90 Uncommon trap: trap_request=0xffffff45 fr.pc=0x00000215167a97e4 relative=0x00000000000006a4
Event: 4.435 Thread 0x000002152a26ad90 Uncommon trap: reason=unstable_if action=reinterpret pc=0x00000215167a97e4 method=java.lang.AbstractStringBuilder.append(Ljava/lang/String;)Ljava/lang/AbstractStringBuilder; @ 1 c2
Event: 4.435 Thread 0x000002152a26ad90 DEOPT PACKING pc=0x00000215167a97e4 sp=0x000000ccf44fdd90
Event: 4.435 Thread 0x000002152a26ad90 DEOPT UNPACKING pc=0x00000215161e69a3 sp=0x000000ccf44fdd68 mode 2
Event: 4.968 Thread 0x000002152a26ad90 Uncommon trap: trap_request=0xffffff45 fr.pc=0x000002151677e7f4 relative=0x00000000000056b4
Event: 4.968 Thread 0x000002152a26ad90 Uncommon trap: reason=unstable_if action=reinterpret pc=0x000002151677e7f4 method=jdk.internal.org.objectweb.asm.Frame.execute(IILjdk/internal/org/objectweb/asm/Symbol;Ljdk/internal/org/objectweb/asm/SymbolTable;)V @ 1 c2
Event: 4.968 Thread 0x000002152a26ad90 DEOPT PACKING pc=0x000002151677e7f4 sp=0x000000ccf44fd5d0
Event: 4.968 Thread 0x000002152a26ad90 DEOPT UNPACKING pc=0x00000215161e69a3 sp=0x000000ccf44fd568 mode 2
Event: 4.997 Thread 0x000002152a26ad90 DEOPT PACKING pc=0x000002150ecfbe3a sp=0x000000ccf44fd990
Event: 4.997 Thread 0x000002152a26ad90 DEOPT UNPACKING pc=0x00000215161e7143 sp=0x000000ccf44fce08 mode 0
Event: 5.285 Thread 0x000002152a26ad90 Uncommon trap: trap_request=0xffffff6e fr.pc=0x00000215167c0d10 relative=0x0000000000000470
Event: 5.285 Thread 0x000002152a26ad90 Uncommon trap: reason=loop_limit_check action=maybe_recompile pc=0x00000215167c0d10 method=java.lang.StringLatin1.indexOf([BI[BII)I @ 37 c2
Event: 5.285 Thread 0x000002152a26ad90 DEOPT PACKING pc=0x00000215167c0d10 sp=0x000000ccf44fde70
Event: 5.285 Thread 0x000002152a26ad90 DEOPT UNPACKING pc=0x00000215161e69a3 sp=0x000000ccf44fddd0 mode 2
Event: 5.758 Thread 0x000002152a26ad90 DEOPT PACKING pc=0x000002150ed9473e sp=0x000000ccf44fe130
Event: 5.758 Thread 0x000002152a26ad90 DEOPT UNPACKING pc=0x00000215161e7143 sp=0x000000ccf44fd5a8 mode 0

Classes unloaded (0 events):
No events

Classes redefined (0 events):
No events

Internal exceptions (20 events):
Event: 0.850 Thread 0x000002150b4e20b0 Exception <a 'java/lang/NoSuchMethodError'{0x0000000087bf1c18}: 'void java.lang.invoke.DirectMethodHandle$Holder.invokeStaticInit(java.lang.Object, java.lang.Object)'> (0x0000000087bf1c18) 
thrown [s\src\hotspot\share\interpreter\linkResolver.cpp, line 771]
Event: 0.941 Thread 0x000002150b4e20b0 Exception <a 'java/lang/NoSuchMethodError'{0x0000000087a04fb0}: 'java.lang.Object java.lang.invoke.DirectMethodHandle$Holder.invokeStaticInit(java.lang.Object)'> (0x0000000087a04fb0) 
thrown [s\src\hotspot\share\interpreter\linkResolver.cpp, line 771]
Event: 1.020 Thread 0x000002150b4e20b0 Exception <a 'java/lang/NoSuchMethodError'{0x0000000087a817f0}: 'java.lang.Object java.lang.invoke.DirectMethodHandle$Holder.invokeStaticInit(java.lang.Object, int, int, int, int)'> (0x0000000087a817f0) 
thrown [s\src\hotspot\share\interpreter\linkResolver.cpp, line 771]
Event: 1.297 Thread 0x000002150b4e20b0 Exception <a 'java/lang/NoSuchMethodError'{0x000000008794f278}: 'java.lang.Object java.lang.invoke.DirectMethodHandle$Holder.invokeStaticInit(java.lang.Object, java.lang.Object, int, int, int, int)'> (0x000000008794f278) 
thrown [s\src\hotspot\share\interpreter\linkResolver.cpp, line 771]
Event: 1.433 Thread 0x000002150b4e20b0 Exception <a 'java/lang/NoSuchMethodError'{0x000000008777a368}: 'java.lang.Object java.lang.invoke.Invokers$Holder.linkToTargetMethod(java.lang.Object, long, java.lang.Object)'> (0x000000008777a368) 
thrown [s\src\hotspot\share\interpreter\linkResolver.cpp, line 771]
Event: 1.906 Thread 0x000002152a26a880 Exception <a 'java/lang/NoSuchMethodError'{0x0000000087523878}: static [B.<clinit>()V> (0x0000000087523878) 
thrown [s\src\hotspot\share\prims\jni.cpp, line 1122]
Event: 1.906 Thread 0x000002152a26ad90 Exception <a 'java/lang/NoSuchMethodError'{0x000000008759c9c8}: static [B.<clinit>()V> (0x000000008759c9c8) 
thrown [s\src\hotspot\share\prims\jni.cpp, line 1122]
Event: 2.164 Thread 0x000002152a26ad90 Exception <a 'java/lang/NoSuchMethodError'{0x00000000875ca2e8}: static [Ljava/rmi/server/ObjID;.<clinit>()V> (0x00000000875ca2e8) 
thrown [s\src\hotspot\share\prims\jni.cpp, line 1122]
Event: 2.175 Thread 0x000002152a26b2a0 Exception <a 'java/lang/InterruptedException'{0x00000000875ee090}> (0x00000000875ee090) 
thrown [s\src\hotspot\share\runtime\objectMonitor.cpp, line 1658]
Event: 2.175 Thread 0x000002152a26ad90 Exception <a 'java/lang/NoSuchMethodError'{0x00000000875d1cb8}: 'void java.lang.invoke.DirectMethodHandle$Holder.invokeSpecial(java.lang.Object, java.lang.Object, java.lang.Object)'> (0x00000000875d1cb8) 
thrown [s\src\hotspot\share\interpreter\linkResolver.cpp, line 771]
Event: 2.176 Thread 0x000002152a26ad90 Exception <a 'java/lang/NoSuchMethodError'{0x00000000875d5220}: 'void java.lang.invoke.Invokers$Holder.invoke_MT(java.lang.Object, java.lang.Object, java.lang.Object)'> (0x00000000875d5220) 
thrown [s\src\hotspot\share\interpreter\linkResolver.cpp, line 771]
Event: 2.176 Thread 0x000002152a26b2a0 Exception <a 'java/lang/NoSuchMethodError'{0x00000000875f6838}: 'java.lang.Object java.lang.invoke.DirectMethodHandle$Holder.newInvokeSpecial(java.lang.Object, java.lang.Object, int, java.lang.Object, long)'> (0x00000000875f6838) 
thrown [s\src\hotspot\share\interpreter\linkResolver.cpp, line 771]
Event: 2.478 Thread 0x000002152a26ad90 Exception <a 'java/lang/NoSuchMethodError'{0x00000000872c8138}: 'java.lang.Object java.lang.invoke.DirectMethodHandle$Holder.invokeInterface(java.lang.Object, java.lang.Object)'> (0x00000000872c8138) 
thrown [s\src\hotspot\share\interpreter\linkResolver.cpp, line 771]
Event: 2.703 Thread 0x000002152a26ad90 Exception <a 'java/lang/NoSuchMethodError'{0x0000000087003410}: 'java.lang.Object java.lang.invoke.DirectMethodHandle$Holder.invokeVirtual(java.lang.Object, java.lang.Object, java.lang.Object)'> (0x0000000087003410) 
thrown [s\src\hotspot\share\interpreter\linkResolver.cpp, line 771]
Event: 3.351 Thread 0x000002152a26ad90 Exception <a 'sun/nio/fs/WindowsException'{0x0000000086992990}> (0x0000000086992990) 
thrown [s\src\hotspot\share\prims\jni.cpp, line 531]
Event: 3.375 Thread 0x000002152a26ad90 Exception <a 'java/lang/NoSuchMethodError'{0x00000000869b6b78}: 'int java.lang.invoke.DirectMethodHandle$Holder.invokeStaticInit(java.lang.Object, java.lang.Object, java.lang.Object, java.lang.Object)'> (0x00000000869b6b78) 
thrown [s\src\hotspot\share\interpreter\linkResolver.cpp, line 771]
Event: 3.376 Thread 0x000002152a26ad90 Exception <a 'java/lang/IncompatibleClassChangeError'{0x00000000869bffc8}: Found class java.lang.Object, but interface was expected> (0x00000000869bffc8) 
thrown [s\src\hotspot\share\interpreter\linkResolver.cpp, line 838]
Event: 3.378 Thread 0x000002152a26ad90 Exception <a 'java/lang/NoSuchMethodError'{0x00000000869c5450}: 'int java.lang.invoke.DirectMethodHandle$Holder.invokeStaticInit(java.lang.Object, java.lang.Object)'> (0x00000000869c5450) 
thrown [s\src\hotspot\share\interpreter\linkResolver.cpp, line 771]
Event: 4.435 Thread 0x000002152a26ad90 Implicit null exception at 0x00000215167a9172 to 0x00000215167a97cc
Event: 4.437 Thread 0x000002152a26ad90 Exception <a 'java/lang/NoSuchMethodError'{0x0000000087b0a1e8}: 'java.lang.Object java.lang.invoke.DirectMethodHandle$Holder.newInvokeSpecial(java.lang.Object, java.lang.Object, int)'> (0x0000000087b0a1e8) 
thrown [s\src\hotspot\share\interpreter\linkResolver.cpp, line 771]

VM Operations (20 events):
Event: 3.283 Executing VM operation: Cleanup
Event: 3.283 Executing VM operation: Cleanup done
Event: 3.352 Executing VM operation: HandshakeAllThreads
Event: 3.352 Executing VM operation: HandshakeAllThreads done
Event: 3.364 Executing VM operation: HandshakeAllThreads
Event: 3.364 Executing VM operation: HandshakeAllThreads done
Event: 3.405 Executing VM operation: G1CollectForAllocation
Event: 3.420 Executing VM operation: G1CollectForAllocation done
Event: 3.710 Executing VM operation: HandshakeAllThreads
Event: 3.710 Executing VM operation: HandshakeAllThreads done
Event: 3.716 Executing VM operation: CollectForMetadataAllocation
Event: 3.722 Executing VM operation: CollectForMetadataAllocation done
Event: 3.730 Executing VM operation: G1PauseRemark
Event: 3.733 Executing VM operation: G1PauseRemark done
Event: 3.737 Executing VM operation: G1PauseCleanup
Event: 3.737 Executing VM operation: G1PauseCleanup done
Event: 4.737 Executing VM operation: Cleanup
Event: 4.737 Executing VM operation: Cleanup done
Event: 5.737 Executing VM operation: Cleanup
Event: 5.738 Executing VM operation: Cleanup done

Events (20 events):
Event: 4.424 loading class sun/util/resources/Bundles$BundleReference
Event: 4.424 loading class sun/util/resources/Bundles$CacheKeyReference
Event: 4.424 loading class sun/util/resources/Bundles$CacheKeyReference done
Event: 4.424 loading class sun/util/resources/Bundles$BundleReference done
Event: 4.424 loading class sun/util/locale/provider/LocaleResources$ResourceReference
Event: 4.424 loading class sun/util/locale/provider/LocaleResources$ResourceReference done
Event: 4.429 loading class java/time/format/DateTimeParseException
Event: 4.429 loading class java/time/DateTimeException
Event: 4.429 loading class java/time/DateTimeException done
Event: 4.429 loading class java/time/format/DateTimeParseException done
Event: 4.904 loading class jdk/internal/reflect/UnsafeQualifiedStaticObjectFieldAccessorImpl
Event: 4.905 loading class jdk/internal/reflect/UnsafeQualifiedStaticObjectFieldAccessorImpl done
Event: 4.905 loading class java/nio/charset/CharacterCodingException
Event: 4.905 loading class java/nio/charset/CharacterCodingException done
Event: 4.906 loading class java/util/stream/IntStream
Event: 4.906 loading class java/util/stream/IntStream done
Event: 5.167 loading class java/util/AbstractList$ListItr
Event: 5.168 loading class java/util/AbstractList$ListItr done
Event: 5.181 loading class java/util/function/UnaryOperator
Event: 5.181 loading class java/util/function/UnaryOperator done


Dynamic libraries:
0x00007ff7af140000 - 0x00007ff7af14a000 	C:\Program Files\JetBrains\IntelliJ IDEA 2024.1\jbr\bin\java.exe
0x00007ffe5b170000 - 0x00007ffe5b368000 	C:\WINDOWS\SYSTEM32\ntdll.dll
0x00007ffe592b0000 - 0x00007ffe59371000 	C:\WINDOWS\System32\KERNEL32.DLL
0x00007ffe58ea0000 - 0x00007ffe59196000 	C:\WINDOWS\System32\KERNELBASE.dll
0x00007ffe58af0000 - 0x00007ffe58bf0000 	C:\WINDOWS\System32\ucrtbase.dll
0x00007ffe38a60000 - 0x00007ffe38a77000 	C:\Program Files\JetBrains\IntelliJ IDEA 2024.1\jbr\bin\jli.dll
0x00007ffe36570000 - 0x00007ffe3658b000 	C:\Program Files\JetBrains\IntelliJ IDEA 2024.1\jbr\bin\VCRUNTIME140.dll
0x00007ffe5a320000 - 0x00007ffe5a4bf000 	C:\WINDOWS\System32\USER32.dll
0x00007ffe58df0000 - 0x00007ffe58e12000 	C:\WINDOWS\System32\win32u.dll
0x00007ffe5ac90000 - 0x00007ffe5acbb000 	C:\WINDOWS\System32\GDI32.dll
0x00007ffe58820000 - 0x00007ffe58937000 	C:\WINDOWS\System32\gdi32full.dll
0x00007ffe58bf0000 - 0x00007ffe58c8d000 	C:\WINDOWS\System32\msvcp_win.dll
0x00007ffe39aa0000 - 0x00007ffe39d3a000 	C:\WINDOWS\WinSxS\amd64_microsoft.windows.common-controls_6595b64144ccf1df_6.0.19041.4355_none_60b8b9eb71f62e16\COMCTL32.dll
0x00007ffe5a670000 - 0x00007ffe5a70e000 	C:\WINDOWS\System32\msvcrt.dll
0x00007ffe59d30000 - 0x00007ffe59d5f000 	C:\WINDOWS\System32\IMM32.DLL
0x00007ffe36760000 - 0x00007ffe3676c000 	C:\Program Files\JetBrains\IntelliJ IDEA 2024.1\jbr\bin\vcruntime140_1.dll
0x00007ffe07f20000 - 0x00007ffe07fad000 	C:\Program Files\JetBrains\IntelliJ IDEA 2024.1\jbr\bin\msvcp140.dll
0x00007ffdeb120000 - 0x00007ffdebda2000 	C:\Program Files\JetBrains\IntelliJ IDEA 2024.1\jbr\bin\server\jvm.dll
0x00007ffe59460000 - 0x00007ffe59510000 	C:\WINDOWS\System32\ADVAPI32.dll
0x00007ffe5a5d0000 - 0x00007ffe5a670000 	C:\WINDOWS\System32\sechost.dll
0x00007ffe5a0b0000 - 0x00007ffe5a1d3000 	C:\WINDOWS\System32\RPCRT4.dll
0x00007ffe58e70000 - 0x00007ffe58e97000 	C:\WINDOWS\System32\bcrypt.dll
0x00007ffe57d90000 - 0x00007ffe57ddb000 	C:\WINDOWS\SYSTEM32\POWRPROF.dll
0x00007ffe47c20000 - 0x00007ffe47c47000 	C:\WINDOWS\SYSTEM32\WINMM.dll
0x00007ffe4fa10000 - 0x00007ffe4fa1a000 	C:\WINDOWS\SYSTEM32\VERSION.dll
0x00007ffe3d240000 - 0x00007ffe3d249000 	C:\WINDOWS\SYSTEM32\WSOCK32.dll
0x00007ffe5a2b0000 - 0x00007ffe5a31b000 	C:\WINDOWS\System32\ws2_32.DLL
0x00007ffe57c10000 - 0x00007ffe57c22000 	C:\WINDOWS\SYSTEM32\UMPDC.dll
0x00007ffe56680000 - 0x00007ffe56692000 	C:\WINDOWS\SYSTEM32\kernel.appcore.dll
0x00007ffe513f0000 - 0x00007ffe513fa000 	C:\Program Files\JetBrains\IntelliJ IDEA 2024.1\jbr\bin\jimage.dll
0x00007ffe52b70000 - 0x00007ffe52d54000 	C:\WINDOWS\SYSTEM32\DBGHELP.DLL
0x00007ffe4c420000 - 0x00007ffe4c454000 	C:\WINDOWS\SYSTEM32\dbgcore.DLL
0x00007ffe589b0000 - 0x00007ffe58a32000 	C:\WINDOWS\System32\bcryptPrimitives.dll
0x00007ffe38a10000 - 0x00007ffe38a35000 	C:\Program Files\JetBrains\IntelliJ IDEA 2024.1\jbr\bin\java.dll
0x00007ffe43fa0000 - 0x00007ffe43fb8000 	C:\Program Files\JetBrains\IntelliJ IDEA 2024.1\jbr\bin\zip.dll
0x00007ffe59590000 - 0x00007ffe59cfc000 	C:\WINDOWS\System32\SHELL32.dll
0x00007ffe568a0000 - 0x00007ffe5703e000 	C:\WINDOWS\SYSTEM32\windows.storage.dll
0x00007ffe5a710000 - 0x00007ffe5aa63000 	C:\WINDOWS\System32\combase.dll
0x00007ffe58240000 - 0x00007ffe5826e000 	C:\WINDOWS\SYSTEM32\Wldp.dll
0x00007ffe5a1e0000 - 0x00007ffe5a2ad000 	C:\WINDOWS\System32\OLEAUT32.dll
0x00007ffe591a0000 - 0x00007ffe5924d000 	C:\WINDOWS\System32\SHCORE.dll
0x00007ffe59d60000 - 0x00007ffe59db5000 	C:\WINDOWS\System32\shlwapi.dll
0x00007ffe58750000 - 0x00007ffe58774000 	C:\WINDOWS\SYSTEM32\profapi.dll
0x00007ffe43c70000 - 0x00007ffe43c89000 	C:\Program Files\JetBrains\IntelliJ IDEA 2024.1\jbr\bin\net.dll
0x00007ffe51c50000 - 0x00007ffe51d5a000 	C:\WINDOWS\SYSTEM32\WINHTTP.dll
0x00007ffe57fa0000 - 0x00007ffe5800a000 	C:\WINDOWS\system32\mswsock.dll
0x00007ffe3dd90000 - 0x00007ffe3dda6000 	C:\Program Files\JetBrains\IntelliJ IDEA 2024.1\jbr\bin\nio.dll
0x00007ffe57c30000 - 0x00007ffe57c6b000 	C:\WINDOWS\SYSTEM32\IPHLPAPI.DLL
0x00007ffe5ac80000 - 0x00007ffe5ac88000 	C:\WINDOWS\System32\NSI.dll
0x00007ffe4f9d0000 - 0x00007ffe4f9e7000 	C:\WINDOWS\SYSTEM32\dhcpcsvc6.DLL
0x00007ffe50470000 - 0x00007ffe5048d000 	C:\WINDOWS\SYSTEM32\dhcpcsvc.DLL
0x00007ffe57cc0000 - 0x00007ffe57d8a000 	C:\WINDOWS\SYSTEM32\DNSAPI.dll
0x00007ffe58190000 - 0x00007ffe581a8000 	C:\WINDOWS\SYSTEM32\CRYPTSP.dll
0x00007ffe57850000 - 0x00007ffe57884000 	C:\WINDOWS\system32\rsaenh.dll
0x00007ffe586c0000 - 0x00007ffe586ee000 	C:\WINDOWS\SYSTEM32\USERENV.dll
0x00007ffe581b0000 - 0x00007ffe581bc000 	C:\WINDOWS\SYSTEM32\CRYPTBASE.dll
0x00007ffe4f710000 - 0x00007ffe4f719000 	C:\Program Files\JetBrains\IntelliJ IDEA 2024.1\jbr\bin\extnet.dll
0x00007ffe341d0000 - 0x00007ffe341d7000 	C:\Program Files\JetBrains\IntelliJ IDEA 2024.1\jbr\bin\rmi.dll
0x00000000634d0000 - 0x00000000634f6000 	C:\Program Files\Bonjour\mdnsNSP.dll
0x00007ffe4fa20000 - 0x00007ffe4fa2a000 	C:\Windows\System32\rasadhlp.dll
0x00007ffe4d1e0000 - 0x00007ffe4d260000 	C:\WINDOWS\System32\fwpuclnt.dll
0x00007ffe50530000 - 0x00007ffe5053e000 	C:\Program Files\JetBrains\IntelliJ IDEA 2024.1\jbr\bin\sunmscapi.dll
0x00007ffe58c90000 - 0x00007ffe58dee000 	C:\WINDOWS\System32\CRYPT32.dll
0x00007ffe582b0000 - 0x00007ffe582d9000 	C:\WINDOWS\SYSTEM32\ncrypt.dll
0x00007ffe58270000 - 0x00007ffe582ab000 	C:\WINDOWS\SYSTEM32\NTASN1.dll

dbghelp: loaded successfully - version: 4.0.5 - missing functions: none
symbol engine: initialized successfully - sym options: 0x614 - pdb path: .;C:\Program Files\JetBrains\IntelliJ IDEA 2024.1\jbr\bin;C:\WINDOWS\SYSTEM32;C:\WINDOWS\WinSxS\amd64_microsoft.windows.common-controls_6595b64144ccf1df_6.0.19041.4355_none_60b8b9eb71f62e16;C:\Program Files\JetBrains\IntelliJ IDEA 2024.1\jbr\bin\server;C:\Program Files\Bonjour

VM Arguments:
jvm_args: -Djava.rmi.server.hostname=127.0.0.1 -Duser.timezone=UTC -Xmx2048m -Xms128m -Djdbc.classpath=C:\Program Files\JetBrains\IntelliJ IDEA 2024.1\plugins\DatabaseTools\lib\jdbc-console.jar;C:\Users\jackb\AppData\Roaming\JetBrains\IntelliJIdea2024.1\jdbc-drivers\MySQL ConnectorJ\8.2.0\com\mysql\mysql-connector-j\8.2.0\mysql-connector-j-8.2.0.jar;C:\Users\jackb\AppData\Roaming\JetBrains\IntelliJIdea2024.1\jdbc-drivers\MySQL ConnectorJ\8.2.0\com\google\protobuf\protobuf-java\3.21.9\protobuf-java-3.21.9.jar --add-exports=java.desktop/sun.awt=ALL-UNNAMED --add-exports=java.desktop/java.awt.peer=ALL-UNNAMED --add-opens=java.desktop/java.awt=ALL-UNNAMED --add-opens=jdk.unsupported/sun.misc=ALL-UNNAMED --add-opens=java.base/java.nio=ALL-UNNAMED --add-opens=java.base/java.util=ALL-UNNAMED -Dfile.encoding=UTF-8 
java_command: com.intellij.database.remote.RemoteJdbcServer com.mysql.cj.jdbc.Driver
java_class_path (initial): C:\Program Files\JetBrains\IntelliJ IDEA 2024.1\lib\util_rt.jar;C:\Program Files\JetBrains\IntelliJ IDEA 2024.1\lib\util-8.jar;C:\Program Files\JetBrains\IntelliJ IDEA 2024.1\lib\groovy.jar;C:\Program Files\JetBrains\IntelliJ IDEA 2024.1\plugins\DatabaseTools\lib\jdbc-console.jar;C:\Program Files\JetBrains\IntelliJ IDEA 2024.1\plugins\grid-core-impl\lib\jdbc-console-types.jar;C:\Program Files\JetBrains\IntelliJ IDEA 2024.1\lib\util.jar
Launcher Type: SUN_STANDARD

[Global flags]
     intx CICompilerCount                          = 4                                         {product} {ergonomic}
     uint ConcGCThreads                            = 2                                         {product} {ergonomic}
     uint G1ConcRefinementThreads                  = 8                                         {product} {ergonomic}
   size_t G1HeapRegionSize                         = 1048576                                   {product} {ergonomic}
    uintx GCDrainStackTargetSize                   = 64                                        {product} {ergonomic}
   size_t InitialHeapSize                          = 134217728                                 {product} {command line}
   size_t MarkStackSize                            = 4194304                                   {product} {ergonomic}
   size_t MaxHeapSize                              = 2147483648                                {product} {command line}
   size_t MaxNewSize                               = 1287651328                                {product} {ergonomic}
   size_t MinHeapDeltaBytes                        = 1048576                                   {product} {ergonomic}
   size_t MinHeapSize                              = 134217728                                 {product} {command line}
    uintx NonNMethodCodeHeapSize                   = 5839372                                {pd product} {ergonomic}
    uintx NonProfiledCodeHeapSize                  = 122909434                              {pd product} {ergonomic}
    uintx ProfiledCodeHeapSize                     = 122909434                              {pd product} {ergonomic}
    uintx ReservedCodeCacheSize                    = 251658240                              {pd product} {ergonomic}
     bool SegmentedCodeCache                       = true                                      {product} {ergonomic}
   size_t SoftMaxHeapSize                          = 2147483648                             {manageable} {ergonomic}
     bool UseCompressedClassPointers               = true                           {product lp64_product} {ergonomic}
     bool UseCompressedOops                        = true                           {product lp64_product} {ergonomic}
     bool UseG1GC                                  = true                                      {product} {ergonomic}
     bool UseLargePagesIndividualAllocation        = false                                  {pd product} {ergonomic}

Logging:
Log output configuration:
 #0: stdout all=warning uptime,level,tags
 #1: stderr all=off uptime,level,tags

Environment Variables:
PATH=C:\Program Files (x86)\Common Files\Oracle\Java\java8path;C:\Program Files (x86)\Common Files\Oracle\Java\javapath;C:\Program Files (x86)\Intel\Intel(R) Management Engine Components\iCLS\;C:\Program Files\Intel\Intel(R) Management Engine Components\iCLS\;C:\Windows\system32;C:\Windows;C:\Windows\System32\Wbem;C:\Windows\System32\WindowsPowerShell\v1.0\;C:\Windows\System32\OpenSSH\;C:\Program Files (x86)\Intel\Intel(R) Management Engine Components\DAL;C:\Program Files\Intel\Intel(R) Management Engine Components\DAL;C:\Program Files\Intel\WiFi\bin\;C:\Program Files\Common Files\Intel\WirelessCommon\;C:\Program Files (x86)\NVIDIA Corporation\PhysX\Common;C:\WINDOWS\system32;C:\WINDOWS;C:\WINDOWS\System32\Wbem;C:\WINDOWS\System32\WindowsPowerShell\v1.0\;C:\WINDOWS\System32\OpenSSH\;C:\Program Files\MATLAB\R2023a\bin;C:\Program Files\PuTTY\;C:\Program Files\nodejs\;C:\Program Files\Git\cmd;C:\Program Files\MySQL\MySQL Shell 8.0\bin\;C:\Users\jackb\AppData\Local\Microsoft\WindowsApps;;C:\Users\jackb\AppData\Local\Programs\Microsoft VS Code\bin;C:\Program Files\JetBrains\PyCharm 2022.3.3\bin;;C:\Program Files\JetBrains\PyCharm Community Edition 2022.3.3\bin;;C:\Users\jackb\AppData\Roaming\npm
USERNAME=jackb
OS=Windows_NT
PROCESSOR_IDENTIFIER=Intel64 Family 6 Model 142 Stepping 11, GenuineIntel
TMP=C:\Users\jackb\AppData\Local\Temp
TEMP=C:\Users\jackb\AppData\Local\Temp



Periodic native trim disabled

JNI global refs:
JNI global refs: 18, weak refs: 0

JNI global refs memory usage: 843, weak refs: 841

OOME stack traces (most recent first):
Classloader memory used:
Loader bootstrap                                                                       : 2337K
Loader com.intellij.database.remote.jdbc.impl.JdbcClassLoader$JdbcClassLoaderImpl      : 326K
Loader jdk.internal.loader.ClassLoaders$AppClassLoader                                 : 212K
Loader jdk.internal.loader.ClassLoaders$PlatformClassLoader                            : 90207B
Loader jdk.internal.reflect.DelegatingClassLoader                                      : 16910B


---------------  S Y S T E M  ---------------

OS:
 Windows 10 , 64 bit Build 19041 (10.0.19041.4597)
OS uptime: 23 days 9:48 hours

CPU: total 8 (initial active 8) (4 cores per cpu, 2 threads per core) family 6 model 142 stepping 11 microcode 0xae, cx8, cmov, fxsr, ht, mmx, 3dnowpref, sse, sse2, sse3, ssse3, sse4.1, sse4.2, popcnt, lzcnt, tsc, tscinvbit, avx, avx2, aes, erms, clmul, bmi1, bmi2, adx, fma, vzeroupper, clflush, clflushopt
Processor Information for all 8 processors :
  Max Mhz: 1992, Current Mhz: 1792, Mhz Limit: 1792

Memory: 4k page, system-wide physical 7999M (281M free)
TotalPageFile size 32575M (AvailPageFile size 6M)
current process WorkingSet (physical memory assigned to process): 113M, peak: 114M
current process commit charge ("private bytes"): 244M, peak: 246M

vm_info: OpenJDK 64-Bit Server VM (17.0.10+8-b1207.12) for windows-amd64 JRE (17.0.10+8-b1207.12), built on 2024-03-15 by "builduser" with MS VC++ 16.10 / 16.11 (VS2019)

END.
